nohup: ignoring input
Running simulation number: 1
------------------------------------------------------------------
Activating conda environment: vertex_model

CommandNotFoundError: Your shell has not been properly configured to use 'conda activate'.
To initialize your shell, run

    $ conda init <SHELL_NAME>

Currently supported shells are:
  - bash
  - fish
  - tcsh
  - xonsh
  - zsh
  - powershell

See 'conda init --help' for more information and options.

IMPORTANT: You may need to close and restart your shell after running 'conda init'.


Running simulations for parameter: expansion_const
Running simulation with expansion_const = 1.0
/home/gili/anaconda3/envs/vertex_model/lib/python3.11/site-packages/numpy/_core/getlimits.py:551: UserWarning: Signature b'\x00\xd0\xcc\xcc\xcc\xcc\xcc\xcc\xfb\xbf\x00\x00\x00\x00\x00\x00' for <class 'numpy.longdouble'> does not match any known type: falling back to type probe function.
This warnings indicates broken support for the dtype!
  machar = _get_machar(dtype)
Simulation Parameters: simulation_1
dt: 0.05
time_limit: 100
save_frame_interval: 10
Done.
Final window area: 100.0
Max velocity at t=10: 1.4802973661668753e-16
Running simulation with expansion_const = 1.1
/home/gili/anaconda3/envs/vertex_model/lib/python3.11/site-packages/numpy/_core/getlimits.py:551: UserWarning: Signature b'\x00\xd0\xcc\xcc\xcc\xcc\xcc\xcc\xfb\xbf\x00\x00\x00\x00\x00\x00' for <class 'numpy.longdouble'> does not match any known type: falling back to type probe function.
This warnings indicates broken support for the dtype!
  machar = _get_machar(dtype)
Simulation Parameters: simulation_1
dt: 0.05
time_limit: 100
save_frame_interval: 10
Done.
Final window area: 103.8250031954564
Max velocity at t=10: 0.19575788206287598
Running simulation with expansion_const = 1.2
/home/gili/anaconda3/envs/vertex_model/lib/python3.11/site-packages/numpy/_core/getlimits.py:551: UserWarning: Signature b'\x00\xd0\xcc\xcc\xcc\xcc\xcc\xcc\xfb\xbf\x00\x00\x00\x00\x00\x00' for <class 'numpy.longdouble'> does not match any known type: falling back to type probe function.
This warnings indicates broken support for the dtype!
  machar = _get_machar(dtype)
Simulation Parameters: simulation_1
dt: 0.05
time_limit: 100
save_frame_interval: 10
Done.
Final window area: 107.7129820923044
Max velocity at t=10: 0.38556730981214865
Running simulation with expansion_const = 1.3
/home/gili/anaconda3/envs/vertex_model/lib/python3.11/site-packages/numpy/_core/getlimits.py:551: UserWarning: Signature b'\x00\xd0\xcc\xcc\xcc\xcc\xcc\xcc\xfb\xbf\x00\x00\x00\x00\x00\x00' for <class 'numpy.longdouble'> does not match any known type: falling back to type probe function.
This warnings indicates broken support for the dtype!
  machar = _get_machar(dtype)
Simulation Parameters: simulation_1
dt: 0.05
time_limit: 100
save_frame_interval: 10
Done.
Final window area: 111.66231597342775
Max velocity at t=10: 0.5955942571872304
Running simulation with expansion_const = 1.4
/home/gili/anaconda3/envs/vertex_model/lib/python3.11/site-packages/numpy/_core/getlimits.py:551: UserWarning: Signature b'\x00\xd0\xcc\xcc\xcc\xcc\xcc\xcc\xfb\xbf\x00\x00\x00\x00\x00\x00' for <class 'numpy.longdouble'> does not match any known type: falling back to type probe function.
This warnings indicates broken support for the dtype!
  machar = _get_machar(dtype)
Simulation Parameters: simulation_1
dt: 0.05
time_limit: 100
save_frame_interval: 10
Done.
Final window area: 115.67210912248795
Max velocity at t=10: 0.794936829523957
Running simulation with expansion_const = 1.5
/home/gili/anaconda3/envs/vertex_model/lib/python3.11/site-packages/numpy/_core/getlimits.py:551: UserWarning: Signature b'\x00\xd0\xcc\xcc\xcc\xcc\xcc\xcc\xfb\xbf\x00\x00\x00\x00\x00\x00' for <class 'numpy.longdouble'> does not match any known type: falling back to type probe function.
This warnings indicates broken support for the dtype!
  machar = _get_machar(dtype)
Simulation Parameters: simulation_1
dt: 0.05
time_limit: 100
save_frame_interval: 10
Done.
Final window area: 119.74194459876462
Max velocity at t=10: 1.0009792328414617
Running simulation with expansion_const = 1.6
/home/gili/anaconda3/envs/vertex_model/lib/python3.11/site-packages/numpy/_core/getlimits.py:551: UserWarning: Signature b'\x00\xd0\xcc\xcc\xcc\xcc\xcc\xcc\xfb\xbf\x00\x00\x00\x00\x00\x00' for <class 'numpy.longdouble'> does not match any known type: falling back to type probe function.
This warnings indicates broken support for the dtype!
  machar = _get_machar(dtype)
Simulation Parameters: simulation_1
dt: 0.05
time_limit: 100
save_frame_interval: 10
Done.
Final window area: 123.8713309842343
Max velocity at t=10: 1.20559774673585
Running simulation with expansion_const = 1.7
/home/gili/anaconda3/envs/vertex_model/lib/python3.11/site-packages/numpy/_core/getlimits.py:551: UserWarning: Signature b'\x00\xd0\xcc\xcc\xcc\xcc\xcc\xcc\xfb\xbf\x00\x00\x00\x00\x00\x00' for <class 'numpy.longdouble'> does not match any known type: falling back to type probe function.
This warnings indicates broken support for the dtype!
  machar = _get_machar(dtype)
Simulation Parameters: simulation_1
dt: 0.05
time_limit: 100
save_frame_interval: 10
Done.
Final window area: 128.05995190491814
Max velocity at t=10: 1.4139813310912699
Running simulation with expansion_const = 1.8
/home/gili/anaconda3/envs/vertex_model/lib/python3.11/site-packages/numpy/_core/getlimits.py:551: UserWarning: Signature b'\x00\xd0\xcc\xcc\xcc\xcc\xcc\xcc\xfb\xbf\x00\x00\x00\x00\x00\x00' for <class 'numpy.longdouble'> does not match any known type: falling back to type probe function.
This warnings indicates broken support for the dtype!
  machar = _get_machar(dtype)
Simulation Parameters: simulation_1
dt: 0.05
time_limit: 100
save_frame_interval: 10
Done.
Final window area: 132.30814464322194
Max velocity at t=10: 1.6212345922392108
Running simulation with expansion_const = 1.9
/home/gili/anaconda3/envs/vertex_model/lib/python3.11/site-packages/numpy/_core/getlimits.py:551: UserWarning: Signature b'\x00\xd0\xcc\xcc\xcc\xcc\xcc\xcc\xfb\xbf\x00\x00\x00\x00\x00\x00' for <class 'numpy.longdouble'> does not match any known type: falling back to type probe function.
This warnings indicates broken support for the dtype!
  machar = _get_machar(dtype)
Simulation Parameters: simulation_1
dt: 0.05
time_limit: 100
save_frame_interval: 10
Done.
Final window area: 136.61603066255034
Max velocity at t=10: 1.83137333586733
Running simulation with expansion_const = 2.0
/home/gili/anaconda3/envs/vertex_model/lib/python3.11/site-packages/numpy/_core/getlimits.py:551: UserWarning: Signature b'\x00\xd0\xcc\xcc\xcc\xcc\xcc\xcc\xfb\xbf\x00\x00\x00\x00\x00\x00' for <class 'numpy.longdouble'> does not match any known type: falling back to type probe function.
This warnings indicates broken support for the dtype!
  machar = _get_machar(dtype)
Simulation Parameters: simulation_1
dt: 0.05
time_limit: 100
save_frame_interval: 10
Done.
Final window area: 140.9849675661023
Max velocity at t=10: 2.045503886947564
Results saved to results/simulation_1_final_window_areas.txt
Done.
