nohup: ignoring input
Running simulation number: 3
------------------------------------------------------------------
Activating conda environment: vertex_model

CommandNotFoundError: Your shell has not been properly configured to use 'conda activate'.
To initialize your shell, run

    $ conda init <SHELL_NAME>

Currently supported shells are:
  - bash
  - fish
  - tcsh
  - xonsh
  - zsh
  - powershell

See 'conda init --help' for more information and options.

IMPORTANT: You may need to close and restart your shell after running 'conda init'.


Running simulations for parameter: shrinking_const
Running simulation with shrinking_const = 0.1
/home/gili/anaconda3/envs/vertex_model/lib/python3.11/site-packages/numpy/_core/getlimits.py:551: UserWarning: Signature b'\x00\xd0\xcc\xcc\xcc\xcc\xcc\xcc\xfb\xbf\x00\x00\x00\x00\x00\x00' for <class 'numpy.longdouble'> does not match any known type: falling back to type probe function.
This warnings indicates broken support for the dtype!
  machar = _get_machar(dtype)
Simulation Parameters: simulation_3
dt: 0.05
time_limit: 100
save_frame_interval: 10
Done.
Final window area: 132.8126232002638
Max velocity at t=10: 1.6925601735858722
Running simulation with shrinking_const = 0.2
/home/gili/anaconda3/envs/vertex_model/lib/python3.11/site-packages/numpy/_core/getlimits.py:551: UserWarning: Signature b'\x00\xd0\xcc\xcc\xcc\xcc\xcc\xcc\xfb\xbf\x00\x00\x00\x00\x00\x00' for <class 'numpy.longdouble'> does not match any known type: falling back to type probe function.
This warnings indicates broken support for the dtype!
  machar = _get_machar(dtype)
Simulation Parameters: simulation_3
dt: 0.05
time_limit: 100
save_frame_interval: 10
Done.
Final window area: 129.3083459677109
Max velocity at t=10: 1.5092154407431575
Running simulation with shrinking_const = 0.3
/home/gili/anaconda3/envs/vertex_model/lib/python3.11/site-packages/numpy/_core/getlimits.py:551: UserWarning: Signature b'\x00\xd0\xcc\xcc\xcc\xcc\xcc\xcc\xfb\xbf\x00\x00\x00\x00\x00\x00' for <class 'numpy.longdouble'> does not match any known type: falling back to type probe function.
This warnings indicates broken support for the dtype!
  machar = _get_machar(dtype)
Simulation Parameters: simulation_3
dt: 0.05
time_limit: 100
save_frame_interval: 10
Done.
Final window area: 125.76628156285956
Max velocity at t=10: 1.3290078705103703
Running simulation with shrinking_const = 0.4
/home/gili/anaconda3/envs/vertex_model/lib/python3.11/site-packages/numpy/_core/getlimits.py:551: UserWarning: Signature b'\x00\xd0\xcc\xcc\xcc\xcc\xcc\xcc\xfb\xbf\x00\x00\x00\x00\x00\x00' for <class 'numpy.longdouble'> does not match any known type: falling back to type probe function.
This warnings indicates broken support for the dtype!
  machar = _get_machar(dtype)
Simulation Parameters: simulation_3
dt: 0.05
time_limit: 100
save_frame_interval: 10
Done.
Final window area: 122.18750316765656
Max velocity at t=10: 1.1418169909302458
Running simulation with shrinking_const = 0.5
/home/gili/anaconda3/envs/vertex_model/lib/python3.11/site-packages/numpy/_core/getlimits.py:551: UserWarning: Signature b'\x00\xd0\xcc\xcc\xcc\xcc\xcc\xcc\xfb\xbf\x00\x00\x00\x00\x00\x00' for <class 'numpy.longdouble'> does not match any known type: falling back to type probe function.
This warnings indicates broken support for the dtype!
  machar = _get_machar(dtype)
Simulation Parameters: simulation_3
dt: 0.05
time_limit: 100
save_frame_interval: 10
Done.
Final window area: 118.57316315994824
Max velocity at t=10: 0.9571753991988771
Running simulation with shrinking_const = 0.6
/home/gili/anaconda3/envs/vertex_model/lib/python3.11/site-packages/numpy/_core/getlimits.py:551: UserWarning: Signature b'\x00\xd0\xcc\xcc\xcc\xcc\xcc\xcc\xfb\xbf\x00\x00\x00\x00\x00\x00' for <class 'numpy.longdouble'> does not match any known type: falling back to type probe function.
This warnings indicates broken support for the dtype!
  machar = _get_machar(dtype)
Simulation Parameters: simulation_3
dt: 0.05
time_limit: 100
save_frame_interval: 10
Done.
Final window area: 114.92406935807769
Max velocity at t=10: 0.7693047365356177
Running simulation with shrinking_const = 0.7
/home/gili/anaconda3/envs/vertex_model/lib/python3.11/site-packages/numpy/_core/getlimits.py:551: UserWarning: Signature b'\x00\xd0\xcc\xcc\xcc\xcc\xcc\xcc\xfb\xbf\x00\x00\x00\x00\x00\x00' for <class 'numpy.longdouble'> does not match any known type: falling back to type probe function.
This warnings indicates broken support for the dtype!
  machar = _get_machar(dtype)
Simulation Parameters: simulation_3
dt: 0.05
time_limit: 100
save_frame_interval: 10
Done.
Final window area: 111.24131260964593
Max velocity at t=10: 0.5782268987840076
Running simulation with shrinking_const = 0.8
/home/gili/anaconda3/envs/vertex_model/lib/python3.11/site-packages/numpy/_core/getlimits.py:551: UserWarning: Signature b'\x00\xd0\xcc\xcc\xcc\xcc\xcc\xcc\xfb\xbf\x00\x00\x00\x00\x00\x00' for <class 'numpy.longdouble'> does not match any known type: falling back to type probe function.
This warnings indicates broken support for the dtype!
  machar = _get_machar(dtype)
Simulation Parameters: simulation_3
dt: 0.05
time_limit: 100
save_frame_interval: 10
Done.
Final window area: 107.52562797803016
Max velocity at t=10: 0.38063373992236355
Running simulation with shrinking_const = 0.9
/home/gili/anaconda3/envs/vertex_model/lib/python3.11/site-packages/numpy/_core/getlimits.py:551: UserWarning: Signature b'\x00\xd0\xcc\xcc\xcc\xcc\xcc\xcc\xfb\xbf\x00\x00\x00\x00\x00\x00' for <class 'numpy.longdouble'> does not match any known type: falling back to type probe function.
This warnings indicates broken support for the dtype!
  machar = _get_machar(dtype)
Simulation Parameters: simulation_3
dt: 0.05
time_limit: 100
save_frame_interval: 10
Done.
Final window area: 103.77807529975249
Max velocity at t=10: 0.197876295893242
Results saved to results/simulation_3_final_results.txt
Done.
