nohup: ignoring input
------------------------------------------------------------------
Activating conda environment: vertex_model

CommandNotFoundError: Your shell has not been properly configured to use 'conda activate'.
To initialize your shell, run

    $ conda init <SHELL_NAME>

Currently supported shells are:
  - bash
  - fish
  - tcsh
  - xonsh
  - zsh
  - powershell

See 'conda init --help' for more information and options.

IMPORTANT: You may need to close and restart your shell after running 'conda init'.


Running simulations for parameter: shrinking_const
Running simulation with shrinking_const = 0.1
/home/gili/anaconda3/envs/vertex_model/lib/python3.11/site-packages/numpy/_core/getlimits.py:551: UserWarning: Signature b'\x00\xd0\xcc\xcc\xcc\xcc\xcc\xcc\xfb\xbf\x00\x00\x00\x00\x00\x00' for <class 'numpy.longdouble'> does not match any known type: falling back to type probe function.
This warnings indicates broken support for the dtype!
  machar = _get_machar(dtype)
Simulation Parameters: simulation_3
dt: 0.05
time_limit: 10
save_frame_interval: 10
Done.
Final window area: 105.25602548612613
Max velocity at t=10: 0.9663108918403994
Running simulation with shrinking_const = 0.2
/home/gili/anaconda3/envs/vertex_model/lib/python3.11/site-packages/numpy/_core/getlimits.py:551: UserWarning: Signature b'\x00\xd0\xcc\xcc\xcc\xcc\xcc\xcc\xfb\xbf\x00\x00\x00\x00\x00\x00' for <class 'numpy.longdouble'> does not match any known type: falling back to type probe function.
This warnings indicates broken support for the dtype!
  machar = _get_machar(dtype)
Simulation Parameters: simulation_3
dt: 0.05
time_limit: 10
save_frame_interval: 10
Done.
Final window area: 104.68724190986758
Max velocity at t=10: 0.8069464540691671
Running simulation with shrinking_const = 0.3
/home/gili/anaconda3/envs/vertex_model/lib/python3.11/site-packages/numpy/_core/getlimits.py:551: UserWarning: Signature b'\x00\xd0\xcc\xcc\xcc\xcc\xcc\xcc\xfb\xbf\x00\x00\x00\x00\x00\x00' for <class 'numpy.longdouble'> does not match any known type: falling back to type probe function.
This warnings indicates broken support for the dtype!
  machar = _get_machar(dtype)
Simulation Parameters: simulation_3
dt: 0.05
time_limit: 10
save_frame_interval: 10
Done.
Final window area: 104.11408691100328
Max velocity at t=10: 0.7090389874531801
Running simulation with shrinking_const = 0.4
/home/gili/anaconda3/envs/vertex_model/lib/python3.11/site-packages/numpy/_core/getlimits.py:551: UserWarning: Signature b'\x00\xd0\xcc\xcc\xcc\xcc\xcc\xcc\xfb\xbf\x00\x00\x00\x00\x00\x00' for <class 'numpy.longdouble'> does not match any known type: falling back to type probe function.
This warnings indicates broken support for the dtype!
  machar = _get_machar(dtype)
Simulation Parameters: simulation_3
dt: 0.05
time_limit: 10
save_frame_interval: 10
Done.
Final window area: 103.53709592279205
Max velocity at t=10: 0.6104591324418981
Running simulation with shrinking_const = 0.5
/home/gili/anaconda3/envs/vertex_model/lib/python3.11/site-packages/numpy/_core/getlimits.py:551: UserWarning: Signature b'\x00\xd0\xcc\xcc\xcc\xcc\xcc\xcc\xfb\xbf\x00\x00\x00\x00\x00\x00' for <class 'numpy.longdouble'> does not match any known type: falling back to type probe function.
This warnings indicates broken support for the dtype!
  machar = _get_machar(dtype)
Simulation Parameters: simulation_3
dt: 0.05
time_limit: 10
save_frame_interval: 10
Done.
Final window area: 102.9563589126991
Max velocity at t=10: 0.5113422836180802
Running simulation with shrinking_const = 0.6
/home/gili/anaconda3/envs/vertex_model/lib/python3.11/site-packages/numpy/_core/getlimits.py:551: UserWarning: Signature b'\x00\xd0\xcc\xcc\xcc\xcc\xcc\xcc\xfb\xbf\x00\x00\x00\x00\x00\x00' for <class 'numpy.longdouble'> does not match any known type: falling back to type probe function.
This warnings indicates broken support for the dtype!
  machar = _get_machar(dtype)
Simulation Parameters: simulation_3
dt: 0.05
time_limit: 10
save_frame_interval: 10
Done.
Final window area: 102.37172008896978
Max velocity at t=10: 0.44184431485128783
Running simulation with shrinking_const = 0.7
/home/gili/anaconda3/envs/vertex_model/lib/python3.11/site-packages/numpy/_core/getlimits.py:551: UserWarning: Signature b'\x00\xd0\xcc\xcc\xcc\xcc\xcc\xcc\xfb\xbf\x00\x00\x00\x00\x00\x00' for <class 'numpy.longdouble'> does not match any known type: falling back to type probe function.
This warnings indicates broken support for the dtype!
  machar = _get_machar(dtype)
Simulation Parameters: simulation_3
dt: 0.05
time_limit: 10
save_frame_interval: 10
Done.
Final window area: 101.78369773122103
Max velocity at t=10: 0.3324254493001034
Running simulation with shrinking_const = 0.8
/home/gili/anaconda3/envs/vertex_model/lib/python3.11/site-packages/numpy/_core/getlimits.py:551: UserWarning: Signature b'\x00\xd0\xcc\xcc\xcc\xcc\xcc\xcc\xfb\xbf\x00\x00\x00\x00\x00\x00' for <class 'numpy.longdouble'> does not match any known type: falling back to type probe function.
This warnings indicates broken support for the dtype!
  machar = _get_machar(dtype)
Simulation Parameters: simulation_3
dt: 0.05
time_limit: 10
save_frame_interval: 10
Done.
Final window area: 101.19230684124423
Max velocity at t=10: 0.22268851500544898
Running simulation with shrinking_const = 0.9
/home/gili/anaconda3/envs/vertex_model/lib/python3.11/site-packages/numpy/_core/getlimits.py:551: UserWarning: Signature b'\x00\xd0\xcc\xcc\xcc\xcc\xcc\xcc\xfb\xbf\x00\x00\x00\x00\x00\x00' for <class 'numpy.longdouble'> does not match any known type: falling back to type probe function.
This warnings indicates broken support for the dtype!
  machar = _get_machar(dtype)
Simulation Parameters: simulation_3
dt: 0.05
time_limit: 10
save_frame_interval: 10
Done.
Final window area: 100.5975400330716
Max velocity at t=10: 0.1111222783809483
Results saved to results/simulation_3_final_window_areas.txt
Done.
