nohup: ignoring input
/home/gili/anaconda3/envs/vertex_model/lib/python3.11/site-packages/numpy/_core/getlimits.py:551: UserWarning: Signature b'\x00\xd0\xcc\xcc\xcc\xcc\xcc\xcc\xfb\xbf\x00\x00\x00\x00\x00\x00' for <class 'numpy.longdouble'> does not match any known type: falling back to type probe function.
This warnings indicates broken support for the dtype!
  machar = _get_machar(dtype)
Simulation Parameters: simulation_1
dt: 0.05
time_limit: 300
save_frame_interval: 10

---------------------Time 0---------------------

---------------------Time 1---------------------

---------------------Time 2---------------------

---------------------Time 3---------------------

---------------------Time 4---------------------

---------------------Time 5---------------------

---------------------Time 6---------------------

---------------------Time 7---------------------

---------------------Time 8---------------------

---------------------Time 9---------------------

---------------------Time 10---------------------

---------------------Time 11---------------------

---------------------Time 12---------------------

---------------------Time 13---------------------

---------------------Time 14---------------------

---------------------Time 15---------------------

---------------------Time 16---------------------

---------------------Time 17---------------------

---------------------Time 18---------------------

---------------------Time 19---------------------

---------------------Time 20---------------------

---------------------Time 21---------------------

---------------------Time 22---------------------

---------------------Time 23---------------------

---------------------Time 24---------------------

---------------------Time 25---------------------

---------------------Time 26---------------------

---------------------Time 27---------------------

---------------------Time 28---------------------

---------------------Time 29---------------------

---------------------Time 30---------------------

---------------------Time 31---------------------

---------------------Time 32---------------------

---------------------Time 33---------------------

---------------------Time 34---------------------

---------------------Time 35---------------------

---------------------Time 36---------------------

---------------------Time 37---------------------

---------------------Time 38---------------------

---------------------Time 39---------------------

---------------------Time 40---------------------

---------------------Time 41---------------------

---------------------Time 42---------------------

---------------------Time 43---------------------

---------------------Time 44---------------------

---------------------Time 45---------------------

---------------------Time 46---------------------

---------------------Time 47---------------------

---------------------Time 48---------------------

---------------------Time 49---------------------

---------------------Time 50---------------------

---------------------Time 51---------------------

---------------------Time 52---------------------

---------------------Time 53---------------------

---------------------Time 54---------------------

---------------------Time 55---------------------

---------------------Time 56---------------------

---------------------Time 57---------------------

---------------------Time 58---------------------

---------------------Time 59---------------------

---------------------Time 60---------------------

---------------------Time 61---------------------

---------------------Time 62---------------------

---------------------Time 63---------------------

---------------------Time 64---------------------

---------------------Time 65---------------------

---------------------Time 66---------------------

---------------------Time 67---------------------

---------------------Time 68---------------------

---------------------Time 69---------------------

---------------------Time 70---------------------

---------------------Time 71---------------------

---------------------Time 72---------------------

---------------------Time 73---------------------

---------------------Time 74---------------------

---------------------Time 75---------------------

---------------------Time 76---------------------

---------------------Time 77---------------------

---------------------Time 78---------------------

---------------------Time 79---------------------

---------------------Time 80---------------------

---------------------Time 81---------------------

---------------------Time 82---------------------

---------------------Time 83---------------------

---------------------Time 84---------------------

---------------------Time 85---------------------

---------------------Time 86---------------------

---------------------Time 87---------------------

---------------------Time 88---------------------

---------------------Time 89---------------------

---------------------Time 90---------------------

---------------------Time 91---------------------

---------------------Time 92---------------------

---------------------Time 93---------------------

---------------------Time 94---------------------

---------------------Time 95---------------------

---------------------Time 96---------------------

---------------------Time 97---------------------

---------------------Time 98---------------------

---------------------Time 99---------------------

---------------------Time 100---------------------

---------------------Time 101---------------------

---------------------Time 102---------------------

---------------------Time 103---------------------

---------------------Time 104---------------------

---------------------Time 105---------------------

---------------------Time 106---------------------

---------------------Time 107---------------------

---------------------Time 108---------------------

---------------------Time 109---------------------

---------------------Time 110---------------------

---------------------Time 111---------------------

---------------------Time 112---------------------

---------------------Time 113---------------------

---------------------Time 114---------------------

---------------------Time 115---------------------

---------------------Time 116---------------------

---------------------Time 117---------------------

---------------------Time 118---------------------

---------------------Time 119---------------------

---------------------Time 120---------------------

---------------------Time 121---------------------

---------------------Time 122---------------------

---------------------Time 123---------------------

---------------------Time 124---------------------

---------------------Time 125---------------------

---------------------Time 126---------------------

---------------------Time 127---------------------

---------------------Time 128---------------------

---------------------Time 129---------------------

---------------------Time 130---------------------

---------------------Time 131---------------------

---------------------Time 132---------------------

---------------------Time 133---------------------

---------------------Time 134---------------------

---------------------Time 135---------------------

---------------------Time 136---------------------

---------------------Time 137---------------------

---------------------Time 138---------------------

---------------------Time 139---------------------

---------------------Time 140---------------------

---------------------Time 141---------------------

---------------------Time 142---------------------

---------------------Time 143---------------------

---------------------Time 144---------------------

---------------------Time 145---------------------

---------------------Time 146---------------------

---------------------Time 147---------------------

---------------------Time 148---------------------

---------------------Time 149---------------------

---------------------Time 150---------------------

---------------------Time 151---------------------

---------------------Time 152---------------------

---------------------Time 153---------------------

---------------------Time 154---------------------

---------------------Time 155---------------------

---------------------Time 156---------------------

---------------------Time 157---------------------

---------------------Time 158---------------------

---------------------Time 159---------------------

---------------------Time 160---------------------

---------------------Time 161---------------------

---------------------Time 162---------------------

---------------------Time 163---------------------

---------------------Time 164---------------------

---------------------Time 165---------------------

---------------------Time 166---------------------

---------------------Time 167---------------------

---------------------Time 168---------------------

---------------------Time 169---------------------

---------------------Time 170---------------------

---------------------Time 171---------------------

---------------------Time 172---------------------

---------------------Time 173---------------------

---------------------Time 174---------------------

---------------------Time 175---------------------

---------------------Time 176---------------------

---------------------Time 177---------------------

---------------------Time 178---------------------

---------------------Time 179---------------------

---------------------Time 180---------------------

---------------------Time 181---------------------

---------------------Time 182---------------------

---------------------Time 183---------------------

---------------------Time 184---------------------

---------------------Time 185---------------------

---------------------Time 186---------------------

---------------------Time 187---------------------

---------------------Time 188---------------------

---------------------Time 189---------------------

---------------------Time 190---------------------

---------------------Time 191---------------------

---------------------Time 192---------------------

---------------------Time 193---------------------

---------------------Time 194---------------------

---------------------Time 195---------------------

---------------------Time 196---------------------

---------------------Time 197---------------------

---------------------Time 198---------------------

---------------------Time 199---------------------

---------------------Time 200---------------------

---------------------Time 201---------------------

---------------------Time 202---------------------

---------------------Time 203---------------------

---------------------Time 204---------------------

---------------------Time 205---------------------

---------------------Time 206---------------------

---------------------Time 207---------------------

---------------------Time 208---------------------

---------------------Time 209---------------------

---------------------Time 210---------------------

---------------------Time 211---------------------

---------------------Time 212---------------------

---------------------Time 213---------------------

---------------------Time 214---------------------

---------------------Time 215---------------------

---------------------Time 216---------------------

---------------------Time 217---------------------

---------------------Time 218---------------------

---------------------Time 219---------------------

---------------------Time 220---------------------

---------------------Time 221---------------------

---------------------Time 222---------------------

---------------------Time 223---------------------

---------------------Time 224---------------------

---------------------Time 225---------------------

---------------------Time 226---------------------

---------------------Time 227---------------------

---------------------Time 228---------------------

---------------------Time 229---------------------

---------------------Time 230---------------------

---------------------Time 231---------------------

---------------------Time 232---------------------

---------------------Time 233---------------------

---------------------Time 234---------------------

---------------------Time 235---------------------

---------------------Time 236---------------------

---------------------Time 237---------------------

---------------------Time 238---------------------

---------------------Time 239---------------------

---------------------Time 240---------------------

---------------------Time 241---------------------

---------------------Time 242---------------------

---------------------Time 243---------------------

---------------------Time 244---------------------

---------------------Time 245---------------------

---------------------Time 246---------------------

---------------------Time 247---------------------

---------------------Time 248---------------------

---------------------Time 249---------------------

---------------------Time 250---------------------

---------------------Time 251---------------------

---------------------Time 252---------------------

---------------------Time 253---------------------

---------------------Time 254---------------------

---------------------Time 255---------------------

---------------------Time 256---------------------

---------------------Time 257---------------------

---------------------Time 258---------------------

---------------------Time 259---------------------

---------------------Time 260---------------------

---------------------Time 261---------------------

---------------------Time 262---------------------

---------------------Time 263---------------------

---------------------Time 264---------------------

---------------------Time 265---------------------

---------------------Time 266---------------------

---------------------Time 267---------------------

---------------------Time 268---------------------

---------------------Time 269---------------------

---------------------Time 270---------------------

---------------------Time 271---------------------

---------------------Time 272---------------------

---------------------Time 273---------------------

---------------------Time 274---------------------

---------------------Time 275---------------------

---------------------Time 276---------------------

---------------------Time 277---------------------

---------------------Time 278---------------------

---------------------Time 279---------------------

---------------------Time 280---------------------

---------------------Time 281---------------------

---------------------Time 282---------------------

---------------------Time 283---------------------

---------------------Time 284---------------------

---------------------Time 285---------------------

---------------------Time 286---------------------

---------------------Time 287---------------------

---------------------Time 288---------------------

---------------------Time 289---------------------

---------------------Time 290---------------------

---------------------Time 291---------------------

---------------------Time 292---------------------

---------------------Time 293---------------------

---------------------Time 294---------------------

---------------------Time 295---------------------

---------------------Time 296---------------------

---------------------Time 297---------------------

---------------------Time 298---------------------

---------------------Time 299---------------------
Traceback (most recent call last):
  File "/home/gili/weizmann/vertex_model/run_simulation.py", line 416, in <module>
    simulation(time_limit, save_frame_interval, dt, globals_config_path, simulation_config_path, morphology_config_path, simulation_name, velocity_profile_position_bin, pertubation=False, show_velocity_field=show_velocity_field, rm_frames = True)
  File "/home/gili/weizmann/vertex_model/run_simulation.py", line 396, in simulation
    log_file.flush()     # flush to disk
    ^^^^^^^^
NameError: name 'log_file' is not defined
